[debug] [2022-01-18T11:19:38.536Z] ----------------------------------------------------------------------
[debug] [2022-01-18T11:19:38.537Z] Command:       /usr/local/bin/node /usr/local/bin/firebase deploy
[debug] [2022-01-18T11:19:38.537Z] CLI Version:   10.0.1
[debug] [2022-01-18T11:19:38.537Z] Platform:      darwin
[debug] [2022-01-18T11:19:38.537Z] Node Version:  v14.17.6
[debug] [2022-01-18T11:19:38.538Z] Time:          Tue Jan 18 2022 11:19:38 GMT+0000 (Greenwich Mean Time)
[debug] [2022-01-18T11:19:38.538Z] ----------------------------------------------------------------------
[debug] 
[debug] [2022-01-18T11:19:38.583Z] > command requires scopes: ["email","openid","https://www.googleapis.com/auth/cloudplatformprojects.readonly","https://www.googleapis.com/auth/firebase","https://www.googleapis.com/auth/cloud-platform"]
[debug] [2022-01-18T11:19:38.583Z] > authorizing via signed-in user (charlesprogram@gmail.com)
[debug] [2022-01-18T11:19:38.583Z] [iam] checking project crotp-mech for permissions ["firebase.projects.get","firebasehosting.sites.update"]
[debug] [2022-01-18T11:19:38.585Z] > refreshing access token with scopes: ["email","https://www.googleapis.com/auth/cloud-platform","https://www.googleapis.com/auth/cloudplatformprojects.readonly","https://www.googleapis.com/auth/firebase","openid"]
[debug] [2022-01-18T11:19:38.586Z] >>> HTTP REQUEST POST https://www.googleapis.com/oauth2/v3/token  
 <request body omitted>
[debug] [2022-01-18T11:19:38.992Z] <<< HTTP RESPONSE 200 {"pragma":"no-cache","date":"Tue, 18 Jan 2022 11:19:39 GMT","expires":"Mon, 01 Jan 1990 00:00:00 GMT","cache-control":"no-cache, no-store, max-age=0, must-revalidate","content-type":"application/json; charset=utf-8","vary":"X-Origin, Referer, Origin,Accept-Encoding","server":"scaffolding on HTTPServer2","x-xss-protection":"0","x-frame-options":"SAMEORIGIN","x-content-type-options":"nosniff","alt-svc":"h3=\":443\"; ma=2592000,h3-29=\":443\"; ma=2592000,h3-Q050=\":443\"; ma=2592000,h3-Q046=\":443\"; ma=2592000,h3-Q043=\":443\"; ma=2592000,quic=\":443\"; ma=2592000; v=\"46,43\"","accept-ranges":"none","transfer-encoding":"chunked"}
[debug] [2022-01-18T11:19:39.043Z] >>> HTTP REQUEST POST https://cloudresourcemanager.googleapis.com/v1/projects/crotp-mech:testIamPermissions  
 {"permissions":["firebase.projects.get","firebasehosting.sites.update"]}
[debug] [2022-01-18T11:19:42.484Z] <<< HTTP RESPONSE 200 {"content-type":"application/json; charset=UTF-8","vary":"X-Origin, Referer, Origin,Accept-Encoding","date":"Tue, 18 Jan 2022 11:19:42 GMT","server":"ESF","cache-control":"private","x-xss-protection":"0","x-frame-options":"SAMEORIGIN","x-content-type-options":"nosniff","server-timing":"gfet4t7; dur=1093","alt-svc":"h3=\":443\"; ma=2592000,h3-29=\":443\"; ma=2592000,h3-Q050=\":443\"; ma=2592000,h3-Q046=\":443\"; ma=2592000,h3-Q043=\":443\"; ma=2592000,quic=\":443\"; ma=2592000; v=\"46,43\"","accept-ranges":"none","transfer-encoding":"chunked"}
[debug] [2022-01-18T11:19:42.486Z] > refreshing access token with scopes: []
[debug] [2022-01-18T11:19:42.486Z] >>> HTTP REQUEST POST https://www.googleapis.com/oauth2/v3/token  
 <request body omitted>
[debug] [2022-01-18T11:19:42.872Z] <<< HTTP RESPONSE 200 {"cache-control":"no-cache, no-store, max-age=0, must-revalidate","pragma":"no-cache","expires":"Mon, 01 Jan 1990 00:00:00 GMT","date":"Tue, 18 Jan 2022 11:19:43 GMT","content-type":"application/json; charset=utf-8","vary":"X-Origin, Referer, Origin,Accept-Encoding","server":"scaffolding on HTTPServer2","x-xss-protection":"0","x-frame-options":"SAMEORIGIN","x-content-type-options":"nosniff","alt-svc":"h3=\":443\"; ma=2592000,h3-29=\":443\"; ma=2592000,h3-Q050=\":443\"; ma=2592000,h3-Q046=\":443\"; ma=2592000,h3-Q043=\":443\"; ma=2592000,quic=\":443\"; ma=2592000; v=\"46,43\"","accept-ranges":"none","transfer-encoding":"chunked"}
[debug] [2022-01-18T11:19:42.921Z] >>> [apiv2][query] GET https://firebase.googleapis.com/v1beta1/projects/crotp-mech [none]
[debug] [2022-01-18T11:19:43.457Z] <<< [apiv2][status] GET https://firebase.googleapis.com/v1beta1/projects/crotp-mech 200
[debug] [2022-01-18T11:19:43.457Z] <<< [apiv2][body] GET https://firebase.googleapis.com/v1beta1/projects/crotp-mech {"projectId":"crotp-mech","projectNumber":"687147769086","displayName":"crotp-mech","name":"projects/crotp-mech","resources":{"hostingSite":"crotp-mech"},"state":"ACTIVE"}
[info] 
[info] === Deploying to 'crotp-mech'...
[info] 
[info] i  deploying hosting 
[debug] [2022-01-18T11:19:43.461Z] > refreshing access token with scopes: ["email","https://www.googleapis.com/auth/cloud-platform","https://www.googleapis.com/auth/cloudplatformprojects.readonly","https://www.googleapis.com/auth/firebase","openid"]
[debug] [2022-01-18T11:19:43.461Z] >>> HTTP REQUEST POST https://www.googleapis.com/oauth2/v3/token  
 <request body omitted>
[debug] [2022-01-18T11:19:43.846Z] <<< HTTP RESPONSE 200 {"pragma":"no-cache","date":"Tue, 18 Jan 2022 11:19:44 GMT","expires":"Mon, 01 Jan 1990 00:00:00 GMT","cache-control":"no-cache, no-store, max-age=0, must-revalidate","content-type":"application/json; charset=utf-8","vary":"X-Origin, Referer, Origin,Accept-Encoding","server":"scaffolding on HTTPServer2","x-xss-protection":"0","x-frame-options":"SAMEORIGIN","x-content-type-options":"nosniff","alt-svc":"h3=\":443\"; ma=2592000,h3-29=\":443\"; ma=2592000,h3-Q050=\":443\"; ma=2592000,h3-Q046=\":443\"; ma=2592000,h3-Q043=\":443\"; ma=2592000,quic=\":443\"; ma=2592000; v=\"46,43\"","accept-ranges":"none","transfer-encoding":"chunked"}
[debug] [2022-01-18T11:19:43.895Z] >>> HTTP REQUEST POST https://firebasehosting.googleapis.com/v1beta1/sites/crotp-mech/versions  
 {"config":{"rewrites":[{"glob":"**","path":"/index.html"}]},"labels":{"deployment-tool":"cli-firebase"}}
[debug] [2022-01-18T11:19:46.879Z] <<< HTTP RESPONSE 200 {"content-type":"application/json; charset=UTF-8","vary":"X-Origin, Referer, Origin,Accept-Encoding","date":"Tue, 18 Jan 2022 11:19:47 GMT","server":"ESF","cache-control":"private","x-xss-protection":"0","x-frame-options":"SAMEORIGIN","x-content-type-options":"nosniff","alt-svc":"h3=\":443\"; ma=2592000,h3-29=\":443\"; ma=2592000,h3-Q050=\":443\"; ma=2592000,h3-Q046=\":443\"; ma=2592000,h3-Q043=\":443\"; ma=2592000,quic=\":443\"; ma=2592000; v=\"46,43\"","accept-ranges":"none","transfer-encoding":"chunked"}
[info] i  hosting[crotp-mech]: beginning deploy... 
[info] i  hosting[crotp-mech]: found 57 files in dist 
[debug] [2022-01-18T11:19:46.902Z] > refreshing access token with scopes: []
[debug] [2022-01-18T11:19:46.902Z] >>> HTTP REQUEST POST https://www.googleapis.com/oauth2/v3/token  
 <request body omitted>
[debug] [2022-01-18T11:19:46.904Z] [hosting] hash cache [ZGlzdA] stored for 57 files
[debug] [2022-01-18T11:19:46.904Z] [hosting][hash queue][FINAL] {"max":3,"min":0,"avg":0.09060860262407161,"active":0,"complete":57,"success":57,"errored":0,"retried":0,"total":57,"elapsed":6}
[debug] [2022-01-18T11:19:47.264Z] <<< HTTP RESPONSE 200 {"pragma":"no-cache","cache-control":"no-cache, no-store, max-age=0, must-revalidate","date":"Tue, 18 Jan 2022 11:19:47 GMT","expires":"Mon, 01 Jan 1990 00:00:00 GMT","content-type":"application/json; charset=utf-8","vary":"X-Origin, Referer, Origin,Accept-Encoding","server":"scaffolding on HTTPServer2","x-xss-protection":"0","x-frame-options":"SAMEORIGIN","x-content-type-options":"nosniff","alt-svc":"h3=\":443\"; ma=2592000,h3-29=\":443\"; ma=2592000,h3-Q050=\":443\"; ma=2592000,h3-Q046=\":443\"; ma=2592000,h3-Q043=\":443\"; ma=2592000,quic=\":443\"; ma=2592000; v=\"46,43\"","accept-ranges":"none","transfer-encoding":"chunked"}
[debug] [2022-01-18T11:19:47.312Z] >>> [apiv2][query] POST https://firebasehosting.googleapis.com/v1beta1/sites/crotp-mech/versions/924918d301c90e7e:populateFiles [none]
[debug] [2022-01-18T11:19:47.312Z] >>> [apiv2][body] POST https://firebasehosting.googleapis.com/v1beta1/sites/crotp-mech/versions/924918d301c90e7e:populateFiles {"files":{"/index.html":"cb504709fb423e811fa0a64e68560d32d917d1aea54bc8471181b359548d2236","/mECH_Token_whitepaper_V.1_ER.pdf":"e659966eddfb693db693498b9c37544344a2a423f87d7b96a7b538279cec3403","/css/app.4d81bdac.css":"e5cb017a7743093b0838c19a385d8df00a51d9e12e89f3ae41a99540a59b8f7a","/css/chunk-vendors.9c0a058c.css":"91d730866634a5d98ed8a4d3bf6cf352cde60c90d5ce39d57eaed5c40a14f658","/fonts/TitilliumWeb-Regular.ed1d014b.ttf":"e302691302dddbbaae475d99373cbc0fb7b34aefa423ad42f090a150e664bc2b","/fonts/TitilliumWeb-SemiBold.ce96d75e.ttf":"a9c5710448cbaf3b9d4b5584cbe97e943d5b0b4246bd6f4c07ea12d2d8ce9cab","/fonts/element-icons.535877f5.woff":"351503a7ede9d0c164ff8990b4193d2d442ebd5bf78b7e7cdee6f8c403c14d4d","/fonts/element-icons.732389de.ttf":"7e6179b6d7f9556ffdfc3216d18b9883a0a90a998bec65d0371cd2747871d571","/fonts/fa-brands-400.1a575a41.woff":"2db98d8dde662f6a81b6eed3681af89e36cf9537968fa5e78064e6f558211b52","/fonts/fa-brands-400.513aa607.ttf":"5f36a0bafe27a809eee94935e611793357c2f5c2ec4bcbb744b37cbe66a67c8d","/fonts/fa-brands-400.592643a8.eot":"e3671a7182bce691839cdb481fe288746bbfbd2dead9145b02917827b6964eeb","/fonts/fa-brands-400.ed311c7a.woff2":"1806d3e05577044ca9a3df61bf16ecad9a67515604c1fe148da8bcc95eef7a41","/fonts/fa-regular-400.766913e6.ttf":"4d83ab538acc5f1d26d8111b732c0e75f3faab9d4540747c3e7cbb11786de042","/fonts/fa-regular-400.b0e2db3b.eot":"87cefa472c4eb49e13b9b6aab6522615529694253798161224b9b62967a4c2fe","/fonts/fa-regular-400.b91d376b.woff2":"10463810c7ee9d8987df29fd021d5146f1efcb6c864920d5345cfac7ea0cf1ff","/fonts/fa-regular-400.d1d7e3b4.woff":"29ac4f624abed2538116b5422f603b4bed34ed0acc3fbea156431b226a8af5fb","/fonts/fa-solid-900.0c6bfc66.eot":"23216072b833b022dd07734c0098caa2b2610e52e4f6cf727488f9db06c90fdd","/fonts/fa-solid-900.b9625119.ttf":"a39e0e26e6fac997102da11974df69ba0c1b8d058fd5319dbfbfe2122b392e2c","/fonts/fa-solid-900.d745348d.woff":"dbab76f5d6f5a0244556eb1c11b18d6e9d07db463477f57f461e71c292598789","/fonts/fa-solid-900.d824df7e.woff2":"df3d2a0b949750e1be2d3ea97e362e8fe3f8fa31839a0916a871bf8dc94237ef","/img/BlindBox_Black2.7e96a852.gif":"03baafb743201e2b88684f2509c5f304956867ff4349ec7101c7e15eefcdc926","/img/CM_Gallery_RedMech_backview.631e2e8c.png":"c18eafd18a32037e93f64b2ec8ce43c307e7b4f49e2d10f8a9140f1213d3ba78","/img/CM_Gallery_RedMech_control_03.d244f025.jpg":"4bb8d6a755631635b0cf84af922c3acb2872cab766b3b7388f2eb10ae2da3a44","/img/CM_gallery_Avatar.02452ba3.png":"c82f81e6bb5d59ccea3f72efeb16074161ab3ee17bf64990ff90afe6e2b658ff","/img/CM_gallery_CyberWall.b3a0b898.png":"bb693e10e504976f6bf6da8eb0b4b1b015d0b000e75da071e43e219662f21ce8","/img/CM_gallery_DataRoom.bac4645f.png":"b2167c9ed070c70862f602b3d095fdb08615ecfc5bb1b0b8d4b23b6accc5511f","/img/CM_gallery_MiningMech_backview.f7227ac2.png":"3a06746b468cc168275c3a6188aba039ae371b51e6ed019e70db65e8f46394e8","/img/CM_gallery_Pilot.a6dc4fc2.png":"e221d73811af1eb2bae6334a10e9d25bb418cb7069717451b940377679cb1853","/img/CM_gallery_Pilot_walkingout.6c68a76b.png":"b48b8700184c4f21fb12e03446afc316169cedc8b4c7c723865015cbf33d3270","/img/CM_gallery_RedMech_Neeling.bcc4684b.png":"c2e040b001e08bcb1482279ad9f785059b61c15b4525733d761d255ccef8c745","/img/CM_gallery_RedMech_beautyshot.7a2fdf11.png":"6ed8b2e66e9d96bc4ca6366aa4c626a0597f2e2ef83c4145ee61a22f41522047","/img/CM_gallery_RedMech_cockpit.b2019d97.png":"f6cce224830c7b7395681d407a14d06e22ba0cd6d4007bff37c9f4645b6b0832","/img/CM_gallery_VR.c8e4dae4.png":"72374313d5159e3a4019e9ef7dd278b40c0a154541b91e350f731939b0c31fa7","/img/CM_gallery_corridor.0ddceab9.png":"a087d8e55710226dbc5e7934917d0da8b28df12271f7496a72d66ab9cdd27eed","/img/F17.274bfc73.png":"3b1b72be81fc1bedda272fe3b69e9ec71906d52781578f17e680711557ed6824","/img/Slash_icon.d3bb9408.png":"00aa3b977c20c7054897cd74d3dadf2d2a7ecd021defed443ced527c284956da","/img/cm_cockpit.b8283233.png":"73d9ecd32129eb647e8dfd9799d59f82d7c991768d9cde53fde145f5e8d767d5","/img/cm_header.d31d68b2.png":"fa6321c4e1838e3327c78087876c2a19cac6345604d0fbfb10c660d8aa211c00","/img/cm_leg_geometry_02_color.12aadc6a.png":"4d97d5d98f8cb12c2cd54883c1dcb48e9a690a485ddd29a50cfd00104f9a17a3","/img/cm_mechlab.248a1449.png":"b049c1cc3c9abc5c1e538f6b7738aaa18e310e5790980bf8eafa7a88755fad2c","/img/cm_metaverse_portal.3b679df7.png":"28982841aa6f96d4f57c3e771399a564e3706e1dc73a583f6c911081672ce8c1","/img/cm_p2e_icon_lab.ec016774.png":"4ddb2d3aee97b0a2133a1bb344c875aa5b11319184a213389885e08686258e43","/img/cm_text_deco_s.e354a62d.png":"8f07628a80abe0da662ce1c2d24c11ccdc7a1057be8091dbaf3f79836cfaad23","/img/cm_text_icon_lab.2054d9df.png":"7bdf5c4a98de56e8469acca1593e17eeeedad35761eff0470194fd40b672cf37","/img/corner_piece.d2f7a3d1.png":"7cb4d04d7258585d9be04735ec730bf655c6b0204c1890e5857cd49dce5c3c37","/img/fa-brands-400.1d5619cd.svg":"8e9a16de9b7789636d234e22070368b1629ce4b58d25f9707454b4068bafa03a","/img/fa-regular-400.c5d109be.svg":"ba9b5d118beaca04e1861792b99f07d7ff7c719b4dc7edc3bc57c5aa4b33deb6","/img/fa-solid-900.37bc7099.svg":"14da4d08ac1a5f702e84b0c3b5b75940c2ed0e98ba4768720eac78cbeadcfb74","/img/mecta_logo_white.56730ca0.png":"9c85c863d7aca66d5fe011c1f9183be5db0e87840287885ce1b1411bb987640c","/img/medium_icon.ada1ce65.png":"d30a4d0881f3c7520a03b7d9dda07b2b329a515b5dd030abce6e0d98eca62bf7","/img/telegram2.3353b36c.png":"212e4562dd4f8a1ddcaa60f0ea579f270d8c62ff17d1d1ba72d41d5692027f65","/img/twitter.0251d8ee.png":"d941ba435c08ae660ae2fcfdc85a269ebf8a87596b2713b6881a7eccbb6c4266","/img/white_play_02.323d87ac.png":"b9456db2cff5b5f1934b8f48825950edaa8ba4c8f7d403f36b5befa95f98755e","/js/app.651b5933.js":"65305efbcc0ecebd7eeea95cef728c5b42dc3b28fea633eb11cec4b7226a3f03","/js/app.651b5933.js.map":"56e37dc1ebe3e44c97d1ad153daaf527850c1e655cfcbe6420c678238312bbba","/js/chunk-vendors.f37612b5.js":"d5cf6d660f81ef9419c8f4311276a81abd445baae6c962d7f68b7dfa5ec226da","/js/chunk-vendors.f37612b5.js.map":"ec435db186bf41a5f6b95dd774a4d30190e09d57c6b8cfef3d3c7f4064ac91ea"}}
[debug] [2022-01-18T11:19:49.131Z] <<< [apiv2][status] POST https://firebasehosting.googleapis.com/v1beta1/sites/crotp-mech/versions/924918d301c90e7e:populateFiles 200
[debug] [2022-01-18T11:19:49.132Z] <<< [apiv2][body] POST https://firebasehosting.googleapis.com/v1beta1/sites/crotp-mech/versions/924918d301c90e7e:populateFiles {"uploadRequiredHashes":["3a06746b468cc168275c3a6188aba039ae371b51e6ed019e70db65e8f46394e8","3b1b72be81fc1bedda272fe3b69e9ec71906d52781578f17e680711557ed6824","f6cce224830c7b7395681d407a14d06e22ba0cd6d4007bff37c9f4645b6b0832","03baafb743201e2b88684f2509c5f304956867ff4349ec7101c7e15eefcdc926","c18eafd18a32037e93f64b2ec8ce43c307e7b4f49e2d10f8a9140f1213d3ba78","b049c1cc3c9abc5c1e538f6b7738aaa18e310e5790980bf8eafa7a88755fad2c","bb693e10e504976f6bf6da8eb0b4b1b015d0b000e75da071e43e219662f21ce8","c82f81e6bb5d59ccea3f72efeb16074161ab3ee17bf64990ff90afe6e2b658ff","28982841aa6f96d4f57c3e771399a564e3706e1dc73a583f6c911081672ce8c1","b2167c9ed070c70862f602b3d095fdb08615ecfc5bb1b0b8d4b23b6accc5511f","e659966eddfb693db693498b9c37544344a2a423f87d7b96a7b538279cec3403","72374313d5159e3a4019e9ef7dd278b40c0a154541b91e350f731939b0c31fa7","6ed8b2e66e9d96bc4ca6366aa4c626a0597f2e2ef83c4145ee61a22f41522047","a087d8e55710226dbc5e7934917d0da8b28df12271f7496a72d66ab9cdd27eed","fa6321c4e1838e3327c78087876c2a19cac6345604d0fbfb10c660d8aa211c00","b48b8700184c4f21fb12e03446afc316169cedc8b4c7c723865015cbf33d3270","73d9ecd32129eb647e8dfd9799d59f82d7c991768d9cde53fde145f5e8d767d5","c2e040b001e08bcb1482279ad9f785059b61c15b4525733d761d255ccef8c745","e221d73811af1eb2bae6334a10e9d25bb418cb7069717451b940377679cb1853"],"uploadUrl":"https://upload-firebasehosting.googleapis.com/upload/sites/crotp-mech/versions/924918d301c90e7e/files"}
[debug] [2022-01-18T11:19:49.137Z] >>> [apiv2][query] POST https://upload-firebasehosting.googleapis.com/upload/sites/crotp-mech/versions/924918d301c90e7e/files/3a06746b468cc168275c3a6188aba039ae371b51e6ed019e70db65e8f46394e8 [none]
[debug] [2022-01-18T11:19:49.138Z] >>> [apiv2][body] POST https://upload-firebasehosting.googleapis.com/upload/sites/crotp-mech/versions/924918d301c90e7e/files/3a06746b468cc168275c3a6188aba039ae371b51e6ed019e70db65e8f46394e8 [stream]
[debug] [2022-01-18T11:19:49.139Z] >>> [apiv2][query] POST https://upload-firebasehosting.googleapis.com/upload/sites/crotp-mech/versions/924918d301c90e7e/files/3b1b72be81fc1bedda272fe3b69e9ec71906d52781578f17e680711557ed6824 [none]
[debug] [2022-01-18T11:19:49.139Z] >>> [apiv2][body] POST https://upload-firebasehosting.googleapis.com/upload/sites/crotp-mech/versions/924918d301c90e7e/files/3b1b72be81fc1bedda272fe3b69e9ec71906d52781578f17e680711557ed6824 [stream]
[debug] [2022-01-18T11:19:49.140Z] >>> [apiv2][query] POST https://upload-firebasehosting.googleapis.com/upload/sites/crotp-mech/versions/924918d301c90e7e/files/f6cce224830c7b7395681d407a14d06e22ba0cd6d4007bff37c9f4645b6b0832 [none]
[debug] [2022-01-18T11:19:49.140Z] >>> [apiv2][body] POST https://upload-firebasehosting.googleapis.com/upload/sites/crotp-mech/versions/924918d301c90e7e/files/f6cce224830c7b7395681d407a14d06e22ba0cd6d4007bff37c9f4645b6b0832 [stream]
[debug] [2022-01-18T11:19:49.143Z] >>> [apiv2][query] POST https://upload-firebasehosting.googleapis.com/upload/sites/crotp-mech/versions/924918d301c90e7e/files/03baafb743201e2b88684f2509c5f304956867ff4349ec7101c7e15eefcdc926 [none]
[debug] [2022-01-18T11:19:49.143Z] >>> [apiv2][body] POST https://upload-firebasehosting.googleapis.com/upload/sites/crotp-mech/versions/924918d301c90e7e/files/03baafb743201e2b88684f2509c5f304956867ff4349ec7101c7e15eefcdc926 [stream]
[debug] [2022-01-18T11:19:49.144Z] >>> [apiv2][query] POST https://upload-firebasehosting.googleapis.com/upload/sites/crotp-mech/versions/924918d301c90e7e/files/c18eafd18a32037e93f64b2ec8ce43c307e7b4f49e2d10f8a9140f1213d3ba78 [none]
[debug] [2022-01-18T11:19:49.144Z] >>> [apiv2][body] POST https://upload-firebasehosting.googleapis.com/upload/sites/crotp-mech/versions/924918d301c90e7e/files/c18eafd18a32037e93f64b2ec8ce43c307e7b4f49e2d10f8a9140f1213d3ba78 [stream]
[debug] [2022-01-18T11:19:49.144Z] >>> [apiv2][query] POST https://upload-firebasehosting.googleapis.com/upload/sites/crotp-mech/versions/924918d301c90e7e/files/b049c1cc3c9abc5c1e538f6b7738aaa18e310e5790980bf8eafa7a88755fad2c [none]
[debug] [2022-01-18T11:19:49.145Z] >>> [apiv2][body] POST https://upload-firebasehosting.googleapis.com/upload/sites/crotp-mech/versions/924918d301c90e7e/files/b049c1cc3c9abc5c1e538f6b7738aaa18e310e5790980bf8eafa7a88755fad2c [stream]
[debug] [2022-01-18T11:19:49.145Z] >>> [apiv2][query] POST https://upload-firebasehosting.googleapis.com/upload/sites/crotp-mech/versions/924918d301c90e7e/files/bb693e10e504976f6bf6da8eb0b4b1b015d0b000e75da071e43e219662f21ce8 [none]
[debug] [2022-01-18T11:19:49.145Z] >>> [apiv2][body] POST https://upload-firebasehosting.googleapis.com/upload/sites/crotp-mech/versions/924918d301c90e7e/files/bb693e10e504976f6bf6da8eb0b4b1b015d0b000e75da071e43e219662f21ce8 [stream]
[debug] [2022-01-18T11:19:49.146Z] >>> [apiv2][query] POST https://upload-firebasehosting.googleapis.com/upload/sites/crotp-mech/versions/924918d301c90e7e/files/c82f81e6bb5d59ccea3f72efeb16074161ab3ee17bf64990ff90afe6e2b658ff [none]
[debug] [2022-01-18T11:19:49.146Z] >>> [apiv2][body] POST https://upload-firebasehosting.googleapis.com/upload/sites/crotp-mech/versions/924918d301c90e7e/files/c82f81e6bb5d59ccea3f72efeb16074161ab3ee17bf64990ff90afe6e2b658ff [stream]
[debug] [2022-01-18T11:19:49.147Z] >>> [apiv2][query] POST https://upload-firebasehosting.googleapis.com/upload/sites/crotp-mech/versions/924918d301c90e7e/files/28982841aa6f96d4f57c3e771399a564e3706e1dc73a583f6c911081672ce8c1 [none]
[debug] [2022-01-18T11:19:49.147Z] >>> [apiv2][body] POST https://upload-firebasehosting.googleapis.com/upload/sites/crotp-mech/versions/924918d301c90e7e/files/28982841aa6f96d4f57c3e771399a564e3706e1dc73a583f6c911081672ce8c1 [stream]
[debug] [2022-01-18T11:19:49.148Z] >>> [apiv2][query] POST https://upload-firebasehosting.googleapis.com/upload/sites/crotp-mech/versions/924918d301c90e7e/files/b2167c9ed070c70862f602b3d095fdb08615ecfc5bb1b0b8d4b23b6accc5511f [none]
[debug] [2022-01-18T11:19:49.148Z] >>> [apiv2][body] POST https://upload-firebasehosting.googleapis.com/upload/sites/crotp-mech/versions/924918d301c90e7e/files/b2167c9ed070c70862f602b3d095fdb08615ecfc5bb1b0b8d4b23b6accc5511f [stream]
[debug] [2022-01-18T11:19:49.149Z] >>> [apiv2][query] POST https://upload-firebasehosting.googleapis.com/upload/sites/crotp-mech/versions/924918d301c90e7e/files/e659966eddfb693db693498b9c37544344a2a423f87d7b96a7b538279cec3403 [none]
[debug] [2022-01-18T11:19:49.149Z] >>> [apiv2][body] POST https://upload-firebasehosting.googleapis.com/upload/sites/crotp-mech/versions/924918d301c90e7e/files/e659966eddfb693db693498b9c37544344a2a423f87d7b96a7b538279cec3403 [stream]
[debug] [2022-01-18T11:19:49.150Z] >>> [apiv2][query] POST https://upload-firebasehosting.googleapis.com/upload/sites/crotp-mech/versions/924918d301c90e7e/files/72374313d5159e3a4019e9ef7dd278b40c0a154541b91e350f731939b0c31fa7 [none]
[debug] [2022-01-18T11:19:49.150Z] >>> [apiv2][body] POST https://upload-firebasehosting.googleapis.com/upload/sites/crotp-mech/versions/924918d301c90e7e/files/72374313d5159e3a4019e9ef7dd278b40c0a154541b91e350f731939b0c31fa7 [stream]
[debug] [2022-01-18T11:19:49.151Z] >>> [apiv2][query] POST https://upload-firebasehosting.googleapis.com/upload/sites/crotp-mech/versions/924918d301c90e7e/files/6ed8b2e66e9d96bc4ca6366aa4c626a0597f2e2ef83c4145ee61a22f41522047 [none]
[debug] [2022-01-18T11:19:49.151Z] >>> [apiv2][body] POST https://upload-firebasehosting.googleapis.com/upload/sites/crotp-mech/versions/924918d301c90e7e/files/6ed8b2e66e9d96bc4ca6366aa4c626a0597f2e2ef83c4145ee61a22f41522047 [stream]
[debug] [2022-01-18T11:19:49.152Z] >>> [apiv2][query] POST https://upload-firebasehosting.googleapis.com/upload/sites/crotp-mech/versions/924918d301c90e7e/files/a087d8e55710226dbc5e7934917d0da8b28df12271f7496a72d66ab9cdd27eed [none]
[debug] [2022-01-18T11:19:49.152Z] >>> [apiv2][body] POST https://upload-firebasehosting.googleapis.com/upload/sites/crotp-mech/versions/924918d301c90e7e/files/a087d8e55710226dbc5e7934917d0da8b28df12271f7496a72d66ab9cdd27eed [stream]
[debug] [2022-01-18T11:19:49.152Z] >>> [apiv2][query] POST https://upload-firebasehosting.googleapis.com/upload/sites/crotp-mech/versions/924918d301c90e7e/files/fa6321c4e1838e3327c78087876c2a19cac6345604d0fbfb10c660d8aa211c00 [none]
[debug] [2022-01-18T11:19:49.153Z] >>> [apiv2][body] POST https://upload-firebasehosting.googleapis.com/upload/sites/crotp-mech/versions/924918d301c90e7e/files/fa6321c4e1838e3327c78087876c2a19cac6345604d0fbfb10c660d8aa211c00 [stream]
[debug] [2022-01-18T11:19:49.153Z] >>> [apiv2][query] POST https://upload-firebasehosting.googleapis.com/upload/sites/crotp-mech/versions/924918d301c90e7e/files/b48b8700184c4f21fb12e03446afc316169cedc8b4c7c723865015cbf33d3270 [none]
[debug] [2022-01-18T11:19:49.153Z] >>> [apiv2][body] POST https://upload-firebasehosting.googleapis.com/upload/sites/crotp-mech/versions/924918d301c90e7e/files/b48b8700184c4f21fb12e03446afc316169cedc8b4c7c723865015cbf33d3270 [stream]
[debug] [2022-01-18T11:19:49.154Z] >>> [apiv2][query] POST https://upload-firebasehosting.googleapis.com/upload/sites/crotp-mech/versions/924918d301c90e7e/files/73d9ecd32129eb647e8dfd9799d59f82d7c991768d9cde53fde145f5e8d767d5 [none]
[debug] [2022-01-18T11:19:49.154Z] >>> [apiv2][body] POST https://upload-firebasehosting.googleapis.com/upload/sites/crotp-mech/versions/924918d301c90e7e/files/73d9ecd32129eb647e8dfd9799d59f82d7c991768d9cde53fde145f5e8d767d5 [stream]
[debug] [2022-01-18T11:19:49.155Z] >>> [apiv2][query] POST https://upload-firebasehosting.googleapis.com/upload/sites/crotp-mech/versions/924918d301c90e7e/files/c2e040b001e08bcb1482279ad9f785059b61c15b4525733d761d255ccef8c745 [none]
[debug] [2022-01-18T11:19:49.155Z] >>> [apiv2][body] POST https://upload-firebasehosting.googleapis.com/upload/sites/crotp-mech/versions/924918d301c90e7e/files/c2e040b001e08bcb1482279ad9f785059b61c15b4525733d761d255ccef8c745 [stream]
[debug] [2022-01-18T11:19:49.156Z] >>> [apiv2][query] POST https://upload-firebasehosting.googleapis.com/upload/sites/crotp-mech/versions/924918d301c90e7e/files/e221d73811af1eb2bae6334a10e9d25bb418cb7069717451b940377679cb1853 [none]
[debug] [2022-01-18T11:19:49.156Z] >>> [apiv2][body] POST https://upload-firebasehosting.googleapis.com/upload/sites/crotp-mech/versions/924918d301c90e7e/files/e221d73811af1eb2bae6334a10e9d25bb418cb7069717451b940377679cb1853 [stream]
[debug] [2022-01-18T11:19:49.156Z] [hosting][populate queue][FINAL] {"max":2235,"min":2235,"avg":2235,"active":0,"complete":1,"success":1,"errored":0,"retried":0,"total":1,"elapsed":2254}
[debug] [2022-01-18T11:19:49.157Z] [hosting] uploads queued: 19
[debug] [2022-01-18T11:20:23.160Z] [uploadQueue] Retrying task c2e040b001e08bcb1482279ad9f785059b61c15b4525733d761d255ccef8c745
[debug] [2022-01-18T11:20:23.166Z] >>> [apiv2][query] POST https://upload-firebasehosting.googleapis.com/upload/sites/crotp-mech/versions/924918d301c90e7e/files/c2e040b001e08bcb1482279ad9f785059b61c15b4525733d761d255ccef8c745 [none]
[debug] [2022-01-18T11:20:23.166Z] >>> [apiv2][body] POST https://upload-firebasehosting.googleapis.com/upload/sites/crotp-mech/versions/924918d301c90e7e/files/c2e040b001e08bcb1482279ad9f785059b61c15b4525733d761d255ccef8c745 [stream]
[debug] [2022-01-18T11:20:39.996Z] [uploadQueue] Retrying task 3b1b72be81fc1bedda272fe3b69e9ec71906d52781578f17e680711557ed6824
[debug] [2022-01-18T11:20:39.997Z] >>> [apiv2][query] POST https://upload-firebasehosting.googleapis.com/upload/sites/crotp-mech/versions/924918d301c90e7e/files/3b1b72be81fc1bedda272fe3b69e9ec71906d52781578f17e680711557ed6824 [none]
[debug] [2022-01-18T11:20:39.997Z] >>> [apiv2][body] POST https://upload-firebasehosting.googleapis.com/upload/sites/crotp-mech/versions/924918d301c90e7e/files/3b1b72be81fc1bedda272fe3b69e9ec71906d52781578f17e680711557ed6824 [stream]
[debug] [2022-01-18T11:20:51.817Z] [uploadQueue] Retrying task f6cce224830c7b7395681d407a14d06e22ba0cd6d4007bff37c9f4645b6b0832
[debug] [2022-01-18T11:20:51.818Z] >>> [apiv2][query] POST https://upload-firebasehosting.googleapis.com/upload/sites/crotp-mech/versions/924918d301c90e7e/files/f6cce224830c7b7395681d407a14d06e22ba0cd6d4007bff37c9f4645b6b0832 [none]
[debug] [2022-01-18T11:20:51.818Z] >>> [apiv2][body] POST https://upload-firebasehosting.googleapis.com/upload/sites/crotp-mech/versions/924918d301c90e7e/files/f6cce224830c7b7395681d407a14d06e22ba0cd6d4007bff37c9f4645b6b0832 [stream]
[debug] [2022-01-18T11:20:55.172Z] <<< [apiv2][status] POST https://upload-firebasehosting.googleapis.com/upload/sites/crotp-mech/versions/924918d301c90e7e/files/c2e040b001e08bcb1482279ad9f785059b61c15b4525733d761d255ccef8c745 200
[debug] [2022-01-18T11:20:55.172Z] <<< [apiv2][body] POST https://upload-firebasehosting.googleapis.com/upload/sites/crotp-mech/versions/924918d301c90e7e/files/c2e040b001e08bcb1482279ad9f785059b61c15b4525733d761d255ccef8c745 [stream]
[debug] [2022-01-18T11:20:55.458Z] [uploadQueue] Retrying task c18eafd18a32037e93f64b2ec8ce43c307e7b4f49e2d10f8a9140f1213d3ba78
[debug] [2022-01-18T11:20:55.459Z] >>> [apiv2][query] POST https://upload-firebasehosting.googleapis.com/upload/sites/crotp-mech/versions/924918d301c90e7e/files/c18eafd18a32037e93f64b2ec8ce43c307e7b4f49e2d10f8a9140f1213d3ba78 [none]
[debug] [2022-01-18T11:20:55.459Z] >>> [apiv2][body] POST https://upload-firebasehosting.googleapis.com/upload/sites/crotp-mech/versions/924918d301c90e7e/files/c18eafd18a32037e93f64b2ec8ce43c307e7b4f49e2d10f8a9140f1213d3ba78 [stream]
[debug] [2022-01-18T11:21:10.699Z] [uploadQueue] Retrying task fa6321c4e1838e3327c78087876c2a19cac6345604d0fbfb10c660d8aa211c00
[debug] [2022-01-18T11:21:10.700Z] >>> [apiv2][query] POST https://upload-firebasehosting.googleapis.com/upload/sites/crotp-mech/versions/924918d301c90e7e/files/fa6321c4e1838e3327c78087876c2a19cac6345604d0fbfb10c660d8aa211c00 [none]
[debug] [2022-01-18T11:21:10.700Z] >>> [apiv2][body] POST https://upload-firebasehosting.googleapis.com/upload/sites/crotp-mech/versions/924918d301c90e7e/files/fa6321c4e1838e3327c78087876c2a19cac6345604d0fbfb10c660d8aa211c00 [stream]
[debug] [2022-01-18T11:21:11.551Z] <<< [apiv2][status] POST https://upload-firebasehosting.googleapis.com/upload/sites/crotp-mech/versions/924918d301c90e7e/files/3a06746b468cc168275c3a6188aba039ae371b51e6ed019e70db65e8f46394e8 200
[debug] [2022-01-18T11:21:11.551Z] <<< [apiv2][body] POST https://upload-firebasehosting.googleapis.com/upload/sites/crotp-mech/versions/924918d301c90e7e/files/3a06746b468cc168275c3a6188aba039ae371b51e6ed019e70db65e8f46394e8 [stream]
[debug] [2022-01-18T11:21:18.357Z] [uploadQueue] Retrying task 6ed8b2e66e9d96bc4ca6366aa4c626a0597f2e2ef83c4145ee61a22f41522047
[debug] [2022-01-18T11:21:18.358Z] >>> [apiv2][query] POST https://upload-firebasehosting.googleapis.com/upload/sites/crotp-mech/versions/924918d301c90e7e/files/6ed8b2e66e9d96bc4ca6366aa4c626a0597f2e2ef83c4145ee61a22f41522047 [none]
[debug] [2022-01-18T11:21:18.359Z] >>> [apiv2][body] POST https://upload-firebasehosting.googleapis.com/upload/sites/crotp-mech/versions/924918d301c90e7e/files/6ed8b2e66e9d96bc4ca6366aa4c626a0597f2e2ef83c4145ee61a22f41522047 [stream]
[debug] [2022-01-18T11:21:31.259Z] [uploadQueue] Retrying task 3b1b72be81fc1bedda272fe3b69e9ec71906d52781578f17e680711557ed6824
[debug] [2022-01-18T11:21:31.260Z] >>> [apiv2][query] POST https://upload-firebasehosting.googleapis.com/upload/sites/crotp-mech/versions/924918d301c90e7e/files/3b1b72be81fc1bedda272fe3b69e9ec71906d52781578f17e680711557ed6824 [none]
[debug] [2022-01-18T11:21:31.261Z] >>> [apiv2][body] POST https://upload-firebasehosting.googleapis.com/upload/sites/crotp-mech/versions/924918d301c90e7e/files/3b1b72be81fc1bedda272fe3b69e9ec71906d52781578f17e680711557ed6824 [stream]
[debug] [2022-01-18T11:21:54.898Z] [uploadQueue] Retrying task f6cce224830c7b7395681d407a14d06e22ba0cd6d4007bff37c9f4645b6b0832
[debug] [2022-01-18T11:21:54.899Z] >>> [apiv2][query] POST https://upload-firebasehosting.googleapis.com/upload/sites/crotp-mech/versions/924918d301c90e7e/files/f6cce224830c7b7395681d407a14d06e22ba0cd6d4007bff37c9f4645b6b0832 [none]
[debug] [2022-01-18T11:21:54.899Z] >>> [apiv2][body] POST https://upload-firebasehosting.googleapis.com/upload/sites/crotp-mech/versions/924918d301c90e7e/files/f6cce224830c7b7395681d407a14d06e22ba0cd6d4007bff37c9f4645b6b0832 [stream]
[debug] [2022-01-18T11:22:02.182Z] [uploadQueue] Retrying task c18eafd18a32037e93f64b2ec8ce43c307e7b4f49e2d10f8a9140f1213d3ba78
[debug] [2022-01-18T11:22:02.183Z] >>> [apiv2][query] POST https://upload-firebasehosting.googleapis.com/upload/sites/crotp-mech/versions/924918d301c90e7e/files/c18eafd18a32037e93f64b2ec8ce43c307e7b4f49e2d10f8a9140f1213d3ba78 [none]
[debug] [2022-01-18T11:22:02.183Z] >>> [apiv2][body] POST https://upload-firebasehosting.googleapis.com/upload/sites/crotp-mech/versions/924918d301c90e7e/files/c18eafd18a32037e93f64b2ec8ce43c307e7b4f49e2d10f8a9140f1213d3ba78 [stream]
[debug] [2022-01-18T11:22:13.994Z] <<< [apiv2][status] POST https://upload-firebasehosting.googleapis.com/upload/sites/crotp-mech/versions/924918d301c90e7e/files/e659966eddfb693db693498b9c37544344a2a423f87d7b96a7b538279cec3403 200
[debug] [2022-01-18T11:22:13.994Z] <<< [apiv2][body] POST https://upload-firebasehosting.googleapis.com/upload/sites/crotp-mech/versions/924918d301c90e7e/files/e659966eddfb693db693498b9c37544344a2a423f87d7b96a7b538279cec3403 [stream]
[debug] [2022-01-18T11:22:23.320Z] [uploadQueue] Retrying task 3b1b72be81fc1bedda272fe3b69e9ec71906d52781578f17e680711557ed6824
[debug] [2022-01-18T11:22:23.321Z] >>> [apiv2][query] POST https://upload-firebasehosting.googleapis.com/upload/sites/crotp-mech/versions/924918d301c90e7e/files/3b1b72be81fc1bedda272fe3b69e9ec71906d52781578f17e680711557ed6824 [none]
[debug] [2022-01-18T11:22:23.322Z] >>> [apiv2][body] POST https://upload-firebasehosting.googleapis.com/upload/sites/crotp-mech/versions/924918d301c90e7e/files/3b1b72be81fc1bedda272fe3b69e9ec71906d52781578f17e680711557ed6824 [stream]
[debug] [2022-01-18T11:22:31.455Z] <<< [apiv2][status] POST https://upload-firebasehosting.googleapis.com/upload/sites/crotp-mech/versions/924918d301c90e7e/files/fa6321c4e1838e3327c78087876c2a19cac6345604d0fbfb10c660d8aa211c00 200
[debug] [2022-01-18T11:22:31.455Z] <<< [apiv2][body] POST https://upload-firebasehosting.googleapis.com/upload/sites/crotp-mech/versions/924918d301c90e7e/files/fa6321c4e1838e3327c78087876c2a19cac6345604d0fbfb10c660d8aa211c00 [stream]
[debug] [2022-01-18T11:22:47.979Z] [uploadQueue] Retrying task 6ed8b2e66e9d96bc4ca6366aa4c626a0597f2e2ef83c4145ee61a22f41522047
[debug] [2022-01-18T11:22:47.981Z] >>> [apiv2][query] POST https://upload-firebasehosting.googleapis.com/upload/sites/crotp-mech/versions/924918d301c90e7e/files/6ed8b2e66e9d96bc4ca6366aa4c626a0597f2e2ef83c4145ee61a22f41522047 [none]
[debug] [2022-01-18T11:22:47.981Z] >>> [apiv2][body] POST https://upload-firebasehosting.googleapis.com/upload/sites/crotp-mech/versions/924918d301c90e7e/files/6ed8b2e66e9d96bc4ca6366aa4c626a0597f2e2ef83c4145ee61a22f41522047 [stream]
[debug] [2022-01-18T11:22:51.708Z] <<< [apiv2][status] POST https://upload-firebasehosting.googleapis.com/upload/sites/crotp-mech/versions/924918d301c90e7e/files/3b1b72be81fc1bedda272fe3b69e9ec71906d52781578f17e680711557ed6824 200
[debug] [2022-01-18T11:22:51.709Z] <<< [apiv2][body] POST https://upload-firebasehosting.googleapis.com/upload/sites/crotp-mech/versions/924918d301c90e7e/files/3b1b72be81fc1bedda272fe3b69e9ec71906d52781578f17e680711557ed6824 [stream]
[debug] [2022-01-18T11:22:54.027Z] <<< [apiv2][status] POST https://upload-firebasehosting.googleapis.com/upload/sites/crotp-mech/versions/924918d301c90e7e/files/f6cce224830c7b7395681d407a14d06e22ba0cd6d4007bff37c9f4645b6b0832 200
[debug] [2022-01-18T11:22:54.027Z] <<< [apiv2][body] POST https://upload-firebasehosting.googleapis.com/upload/sites/crotp-mech/versions/924918d301c90e7e/files/f6cce224830c7b7395681d407a14d06e22ba0cd6d4007bff37c9f4645b6b0832 [stream]
[debug] [2022-01-18T11:22:59.212Z] <<< [apiv2][status] POST https://upload-firebasehosting.googleapis.com/upload/sites/crotp-mech/versions/924918d301c90e7e/files/c18eafd18a32037e93f64b2ec8ce43c307e7b4f49e2d10f8a9140f1213d3ba78 200
[debug] [2022-01-18T11:22:59.212Z] <<< [apiv2][body] POST https://upload-firebasehosting.googleapis.com/upload/sites/crotp-mech/versions/924918d301c90e7e/files/c18eafd18a32037e93f64b2ec8ce43c307e7b4f49e2d10f8a9140f1213d3ba78 [stream]
[debug] [2022-01-18T11:23:14.586Z] <<< [apiv2][status] POST https://upload-firebasehosting.googleapis.com/upload/sites/crotp-mech/versions/924918d301c90e7e/files/73d9ecd32129eb647e8dfd9799d59f82d7c991768d9cde53fde145f5e8d767d5 200
[debug] [2022-01-18T11:23:14.587Z] <<< [apiv2][body] POST https://upload-firebasehosting.googleapis.com/upload/sites/crotp-mech/versions/924918d301c90e7e/files/73d9ecd32129eb647e8dfd9799d59f82d7c991768d9cde53fde145f5e8d767d5 [stream]
[debug] [2022-01-18T11:23:25.665Z] <<< [apiv2][status] POST https://upload-firebasehosting.googleapis.com/upload/sites/crotp-mech/versions/924918d301c90e7e/files/6ed8b2e66e9d96bc4ca6366aa4c626a0597f2e2ef83c4145ee61a22f41522047 200
[debug] [2022-01-18T11:23:25.665Z] <<< [apiv2][body] POST https://upload-firebasehosting.googleapis.com/upload/sites/crotp-mech/versions/924918d301c90e7e/files/6ed8b2e66e9d96bc4ca6366aa4c626a0597f2e2ef83c4145ee61a22f41522047 [stream]
[debug] [2022-01-18T11:23:33.037Z] [uploadQueue] Retrying task a087d8e55710226dbc5e7934917d0da8b28df12271f7496a72d66ab9cdd27eed
[debug] [2022-01-18T11:23:33.039Z] >>> [apiv2][query] POST https://upload-firebasehosting.googleapis.com/upload/sites/crotp-mech/versions/924918d301c90e7e/files/a087d8e55710226dbc5e7934917d0da8b28df12271f7496a72d66ab9cdd27eed [none]
[debug] [2022-01-18T11:23:33.040Z] >>> [apiv2][body] POST https://upload-firebasehosting.googleapis.com/upload/sites/crotp-mech/versions/924918d301c90e7e/files/a087d8e55710226dbc5e7934917d0da8b28df12271f7496a72d66ab9cdd27eed [stream]
[debug] [2022-01-18T11:24:18.418Z] [uploadQueue] Retrying task b049c1cc3c9abc5c1e538f6b7738aaa18e310e5790980bf8eafa7a88755fad2c
[debug] [2022-01-18T11:24:18.422Z] >>> [apiv2][query] POST https://upload-firebasehosting.googleapis.com/upload/sites/crotp-mech/versions/924918d301c90e7e/files/b049c1cc3c9abc5c1e538f6b7738aaa18e310e5790980bf8eafa7a88755fad2c [none]
[debug] [2022-01-18T11:24:18.422Z] >>> [apiv2][body] POST https://upload-firebasehosting.googleapis.com/upload/sites/crotp-mech/versions/924918d301c90e7e/files/b049c1cc3c9abc5c1e538f6b7738aaa18e310e5790980bf8eafa7a88755fad2c [stream]
[debug] [2022-01-18T11:24:46.454Z] <<< [apiv2][status] POST https://upload-firebasehosting.googleapis.com/upload/sites/crotp-mech/versions/924918d301c90e7e/files/e221d73811af1eb2bae6334a10e9d25bb418cb7069717451b940377679cb1853 200
[debug] [2022-01-18T11:24:46.456Z] <<< [apiv2][body] POST https://upload-firebasehosting.googleapis.com/upload/sites/crotp-mech/versions/924918d301c90e7e/files/e221d73811af1eb2bae6334a10e9d25bb418cb7069717451b940377679cb1853 [stream]
[debug] [2022-01-18T11:25:28.713Z] <<< [apiv2][status] POST https://upload-firebasehosting.googleapis.com/upload/sites/crotp-mech/versions/924918d301c90e7e/files/72374313d5159e3a4019e9ef7dd278b40c0a154541b91e350f731939b0c31fa7 200
[debug] [2022-01-18T11:25:28.720Z] <<< [apiv2][body] POST https://upload-firebasehosting.googleapis.com/upload/sites/crotp-mech/versions/924918d301c90e7e/files/72374313d5159e3a4019e9ef7dd278b40c0a154541b91e350f731939b0c31fa7 [stream]
[debug] [2022-01-18T11:25:33.882Z] <<< [apiv2][status] POST https://upload-firebasehosting.googleapis.com/upload/sites/crotp-mech/versions/924918d301c90e7e/files/bb693e10e504976f6bf6da8eb0b4b1b015d0b000e75da071e43e219662f21ce8 200
[debug] [2022-01-18T11:25:33.882Z] <<< [apiv2][body] POST https://upload-firebasehosting.googleapis.com/upload/sites/crotp-mech/versions/924918d301c90e7e/files/bb693e10e504976f6bf6da8eb0b4b1b015d0b000e75da071e43e219662f21ce8 [stream]
[debug] [2022-01-18T11:25:51.460Z] <<< [apiv2][status] POST https://upload-firebasehosting.googleapis.com/upload/sites/crotp-mech/versions/924918d301c90e7e/files/c82f81e6bb5d59ccea3f72efeb16074161ab3ee17bf64990ff90afe6e2b658ff 200
[debug] [2022-01-18T11:25:51.460Z] <<< [apiv2][body] POST https://upload-firebasehosting.googleapis.com/upload/sites/crotp-mech/versions/924918d301c90e7e/files/c82f81e6bb5d59ccea3f72efeb16074161ab3ee17bf64990ff90afe6e2b658ff [stream]
